-------------------------------------------------------------------------------
Test set: com.HomeLoanProjectApplicationTests
-------------------------------------------------------------------------------
Tests run: 1, Failures: 0, Errors: 1, Skipped: 0, Time elapsed: 3.704 s <<< FAILURE! - in com.HomeLoanProjectApplicationTests
com.HomeLoanProjectApplicationTests  Time elapsed: 3.695 s  <<< ERROR!
java.lang.IllegalStateException: Unable to find a @SpringBootConfiguration, you need to use @ContextConfiguration or @SpringBootTest(classes=...) with your test

